[debug] [2020-12-27T13:28:46.481Z] ----------------------------------------------------------------------
[debug] [2020-12-27T13:28:46.484Z] Command:       C:\Program Files\nodejs\node.exe C:\Users\palak\AppData\Roaming\npm\node_modules\firebase-tools\lib\bin\firebase.js init
[debug] [2020-12-27T13:28:46.484Z] CLI Version:   9.1.0
[debug] [2020-12-27T13:28:46.484Z] Platform:      win32
[debug] [2020-12-27T13:28:46.485Z] Node Version:  v14.15.0
[debug] [2020-12-27T13:28:46.486Z] Time:          Sun Dec 27 2020 18:58:46 GMT+0530 (India Standard Time)
[debug] [2020-12-27T13:28:46.486Z] ----------------------------------------------------------------------
[debug] [2020-12-27T13:28:46.486Z] 
[debug] [2020-12-27T13:28:46.489Z] >>> [apiv2][query] GET https://firebase-public.firebaseio.com/cli.json [none]
[debug] [2020-12-27T13:28:46.511Z] > command requires scopes: ["email","openid","https://www.googleapis.com/auth/cloudplatformprojects.readonly","https://www.googleapis.com/auth/firebase","https://www.googleapis.com/auth/cloud-platform"]
[debug] [2020-12-27T13:28:46.511Z] > authorizing via signed-in user
[info] 
     ######## #### ########  ######## ########     ###     ######  ########
     ##        ##  ##     ## ##       ##     ##  ##   ##  ##       ##
     ######    ##  ########  ######   ########  #########  ######  ######
     ##        ##  ##    ##  ##       ##     ## ##     ##       ## ##
     ##       #### ##     ## ######## ########  ##     ##  ######  ########

You're about to initialize a Firebase project in this directory:

  D:\Alien Brains\ReactJS\covid19-statistical-worldmap

[debug] [2020-12-27T13:28:47.482Z] <<< [apiv2][status] GET https://firebase-public.firebaseio.com/cli.json 200
[debug] [2020-12-27T13:28:47.482Z] <<< [apiv2][body] GET https://firebase-public.firebaseio.com/cli.json {"cloudBuildErrorAfter":1594252800000,"cloudBuildWarnAfter":1590019200000,"defaultNode10After":1594252800000,"minVersion":"3.0.5","node8DeploysDisabledAfter":1613390400000,"node8RuntimeDisabledAfter":1615809600000,"node8WarnAfter":1600128000000}
[info] 
=== Project Setup
[info] 
[info] First, let's associate this project directory with a Firebase project.
[info] You can create multiple project aliases by running firebase use --add, 
[info] but for now we'll just set up a default project.
[info] 
[debug] [2020-12-27T13:30:02.193Z] > refreshing access token with scopes: ["email","https://www.googleapis.com/auth/cloud-platform","https://www.googleapis.com/auth/cloudplatformprojects.readonly","https://www.googleapis.com/auth/firebase","openid"]
[debug] [2020-12-27T13:30:02.194Z] >>> HTTP REQUEST POST https://www.googleapis.com/oauth2/v3/token  
 <request body omitted>
[debug] [2020-12-27T13:30:02.445Z] <<< HTTP RESPONSE 200 {"pragma":"no-cache","cache-control":"no-cache, no-store, max-age=0, must-revalidate","expires":"Mon, 01 Jan 1990 00:00:00 GMT","date":"Sun, 27 Dec 2020 13:30:02 GMT","content-type":"application/json; charset=utf-8","vary":"X-Origin, Referer, Origin,Accept-Encoding","server":"scaffolding on HTTPServer2","x-xss-protection":"0","x-frame-options":"SAMEORIGIN","x-content-type-options":"nosniff","alt-svc":"h3-29=\":443\"; ma=2592000,h3-T051=\":443\"; ma=2592000,h3-Q050=\":443\"; ma=2592000,h3-Q046=\":443\"; ma=2592000,h3-Q043=\":443\"; ma=2592000,quic=\":443\"; ma=2592000; v=\"46,43\"","accept-ranges":"none","transfer-encoding":"chunked"}
[debug] [2020-12-27T13:30:02.454Z] >>> HTTP REQUEST GET https://firebase.googleapis.com/v1beta1/projects?pageSize=100  
 
[debug] [2020-12-27T13:30:03.145Z] <<< HTTP RESPONSE 200 {"content-type":"application/json; charset=UTF-8","vary":"X-Origin, Referer, Origin,Accept-Encoding","date":"Sun, 27 Dec 2020 13:30:03 GMT","server":"ESF","cache-control":"private","x-xss-protection":"0","x-frame-options":"SAMEORIGIN","x-content-type-options":"nosniff","alt-svc":"h3-29=\":443\"; ma=2592000,h3-T051=\":443\"; ma=2592000,h3-Q050=\":443\"; ma=2592000,h3-Q046=\":443\"; ma=2592000,h3-Q043=\":443\"; ma=2592000,quic=\":443\"; ma=2592000; v=\"46,43\"","accept-ranges":"none","transfer-encoding":"chunked"}
[info] i  Using project covid19-statistical-worldmap (covid19-statistical-worldmap) 
[info] 
=== Hosting Setup
[info] 
[info] Your public directory is the folder (relative to your project directory) that
[info] will contain Hosting assets to be uploaded with firebase deploy. If you
[info] have a build process for your assets, use your build's output directory.
[info] 
[debug] [2020-12-27T13:30:50.945Z] >>> [apiv2][query] GET https://www.gstatic.com/firebasejs/releases.json [none]
[debug] [2020-12-27T13:30:51.097Z] <<< [apiv2][status] GET https://www.gstatic.com/firebasejs/releases.json 200
[debug] [2020-12-27T13:30:51.098Z] <<< [apiv2][body] GET https://www.gstatic.com/firebasejs/releases.json {"current":{"version":"8.2.1","browserURL":"https://www.gstatic.com/firebasejs/8.2.1/firebase.js","packageURL":"https://www.gstatic.com/firebasejs/8.2.1/firebase.tgz"},"live":{"version":"8.2","browserURL":"https://www.gstatic.com/firebasejs/live/8.2/firebase.js","packageURL":"https://www.gstatic.com/firebasejs/live/8.2/firebase.tgz"},"components":{"analytics":"https://www.gstatic.com/firebasejs/8.2.1/firebase-analytics.js","app":"https://www.gstatic.com/firebasejs/8.2.1/firebase-app.js","auth":"https://www.gstatic.com/firebasejs/8.2.1/firebase-auth.js","database":"https://www.gstatic.com/firebasejs/8.2.1/firebase-database.js","firestore":"https://www.gstatic.com/firebasejs/8.2.1/firebase-firestore.js","functions":"https://www.gstatic.com/firebasejs/8.2.1/firebase-functions.js","installations":"https://www.gstatic.com/firebasejs/8.2.1/firebase-installations.js","messaging":"https://www.gstatic.com/firebasejs/8.2.1/firebase-messaging.js","storage":"https://www.gstatic.com/firebasejs/8.2.1/firebase-storage.js","performance":"https://www.gstatic.com/firebasejs/8.2.1/firebase-performance.js","remote-config":"https://www.gstatic.com/firebasejs/8.2.1/firebase-remote-config.js","firestore.memory":"https://www.gstatic.com/firebasejs/8.2.1/firebase-firestore.memory.js"}}
[info] +  Wrote public/index.html 
[info] 
[info] i  Detected a .git folder at D:\Alien Brains\ReactJS\covid19-statistical-worldmap 
[info] i  Authorizing with GitHub to upload your service account to a GitHub repository's secrets store. 
[info] 
[info] Visit this URL on this device to log in:
[info] https://github.com/login/oauth/authorize?client_id=89cf50f02ac6aaed3484&state=526100810&redirect_uri=http%3A%2F%2Flocalhost%3A9005&scope=read%3Auser%20repo%20public_repo
[info] 
[info] Waiting for authentication...
[debug] [2020-12-27T13:31:03.007Z] >>> HTTP REQUEST POST https://github.com/login/oauth/access_token  
 {"client_id":"89cf50f02ac6aaed3484","client_secret":"3330d14abc895d9a74d5f17cd7a00711fa2c5bf0","code":"9c1aa4baa064c2e889e7","redirect_uri":"http://localhost:9005","state":"526100810"}
[debug] [2020-12-27T13:31:03.361Z] <<< HTTP RESPONSE 200 {"date":"Sun, 27 Dec 2020 13:31:03 GMT","content-type":"application/json; charset=utf-8","transfer-encoding":"chunked","server":"GitHub.com","status":"200 OK","vary":"X-PJAX, Accept-Encoding, Accept, X-Requested-With, Accept-Encoding","etag":"W/\"264be40ee13122e847897d9aef105b66\"","cache-control":"max-age=0, private, must-revalidate","strict-transport-security":"max-age=31536000; includeSubdomains; preload","x-frame-options":"deny","x-content-type-options":"nosniff","x-xss-protection":"1; mode=block","referrer-policy":"origin-when-cross-origin, strict-origin-when-cross-origin","expect-ct":"max-age=2592000, report-uri=\"https://api.github.com/_private/browser/errors\"","content-security-policy":"default-src 'none'; base-uri 'self'; block-all-mixed-content; connect-src 'self' uploads.github.com www.githubstatus.com collector.githubapp.com api.github.com github-cloud.s3.amazonaws.com github-production-repository-file-5c1aeb.s3.amazonaws.com github-production-upload-manifest-file-7fdce7.s3.amazonaws.com github-production-user-asset-6210df.s3.amazonaws.com cdn.optimizely.com logx.optimizely.com/v1/events wss://alive.github.com; font-src github.githubassets.com; form-action 'self' github.com gist.github.com; frame-ancestors 'none'; frame-src render.githubusercontent.com; img-src 'self' data: github.githubassets.com identicons.github.com collector.githubapp.com github-cloud.s3.amazonaws.com *.githubusercontent.com; manifest-src 'self'; media-src 'none'; script-src github.githubassets.com; style-src 'unsafe-inline' github.githubassets.com; worker-src github.com/socket-worker-5029ae85.js gist.github.com/socket-worker-5029ae85.js","x-github-request-id":"E91D:189D:2DA1DA0:3A8A102:5FE88C97"}
[debug] [2020-12-27T13:31:03.362Z] >>> [apiv2][query] GET https://api.github.com/user [none]
[debug] [2020-12-27T13:31:03.755Z] <<< [apiv2][status] GET https://api.github.com/user 200
[debug] [2020-12-27T13:31:03.755Z] <<< [apiv2][body] GET https://api.github.com/user {"login":"PalakkG","id":56625026,"node_id":"MDQ6VXNlcjU2NjI1MDI2","avatar_url":"https://avatars1.githubusercontent.com/u/56625026?v=4","gravatar_id":"","url":"https://api.github.com/users/PalakkG","html_url":"https://github.com/PalakkG","followers_url":"https://api.github.com/users/PalakkG/followers","following_url":"https://api.github.com/users/PalakkG/following{/other_user}","gists_url":"https://api.github.com/users/PalakkG/gists{/gist_id}","starred_url":"https://api.github.com/users/PalakkG/starred{/owner}{/repo}","subscriptions_url":"https://api.github.com/users/PalakkG/subscriptions","organizations_url":"https://api.github.com/users/PalakkG/orgs","repos_url":"https://api.github.com/users/PalakkG/repos","events_url":"https://api.github.com/users/PalakkG/events{/privacy}","received_events_url":"https://api.github.com/users/PalakkG/received_events","type":"User","site_admin":false,"name":null,"company":null,"blog":"","location":null,"email":null,"hireable":null,"bio":null,"twitter_username":null,"public_repos":2,"public_gists":0,"followers":0,"following":0,"created_at":"2019-10-16T06:37:08Z","updated_at":"2020-12-27T12:15:25Z","private_gists":0,"total_private_repos":0,"owned_private_repos":0,"disk_usage":886,"collaborators":0,"two_factor_authentication":false,"plan":{"name":"pro","space":976562499,"collaborators":0,"private_repos":9999}}
[info] 
[info] +  Success! Logged into GitHub as PalakkG 
[info] 
